ARM GAS  C:\Users\ADMINI~1\AppData\Local\Temp\ccpbvFQP.s 			page 1


   1              		.cpu cortex-m3
   2              		.eabi_attribute 20, 1
   3              		.eabi_attribute 21, 1
   4              		.eabi_attribute 23, 3
   5              		.eabi_attribute 24, 1
   6              		.eabi_attribute 25, 1
   7              		.eabi_attribute 26, 1
   8              		.eabi_attribute 30, 1
   9              		.eabi_attribute 34, 1
  10              		.eabi_attribute 18, 4
  11              		.file	"stm32f1xx_hal_msp.c"
  12              		.text
  13              	.Ltext0:
  14              		.cfi_sections	.debug_frame
  15              		.section	.text.HAL_MspInit,"ax",%progbits
  16              		.align	1
  17              		.global	HAL_MspInit
  18              		.syntax unified
  19              		.thumb
  20              		.thumb_func
  21              		.fpu softvfp
  23              	HAL_MspInit:
  24              	.LFB66:
  25              		.file 1 "Src/stm32f1xx_hal_msp.c"
   1:Src/stm32f1xx_hal_msp.c **** /**
   2:Src/stm32f1xx_hal_msp.c ****   ******************************************************************************
   3:Src/stm32f1xx_hal_msp.c ****   * File Name          : stm32f1xx_hal_msp.c
   4:Src/stm32f1xx_hal_msp.c ****   * Description        : This file provides code for the MSP Initialization 
   5:Src/stm32f1xx_hal_msp.c ****   *                      and de-Initialization codes.
   6:Src/stm32f1xx_hal_msp.c ****   ******************************************************************************
   7:Src/stm32f1xx_hal_msp.c ****   ** This notice applies to any and all portions of this file
   8:Src/stm32f1xx_hal_msp.c ****   * that are not between comment pairs USER CODE BEGIN and
   9:Src/stm32f1xx_hal_msp.c ****   * USER CODE END. Other portions of this file, whether 
  10:Src/stm32f1xx_hal_msp.c ****   * inserted by the user or by software development tools
  11:Src/stm32f1xx_hal_msp.c ****   * are owned by their respective copyright owners.
  12:Src/stm32f1xx_hal_msp.c ****   *
  13:Src/stm32f1xx_hal_msp.c ****   * COPYRIGHT(c) 2018 STMicroelectronics
  14:Src/stm32f1xx_hal_msp.c ****   *
  15:Src/stm32f1xx_hal_msp.c ****   * Redistribution and use in source and binary forms, with or without modification,
  16:Src/stm32f1xx_hal_msp.c ****   * are permitted provided that the following conditions are met:
  17:Src/stm32f1xx_hal_msp.c ****   *   1. Redistributions of source code must retain the above copyright notice,
  18:Src/stm32f1xx_hal_msp.c ****   *      this list of conditions and the following disclaimer.
  19:Src/stm32f1xx_hal_msp.c ****   *   2. Redistributions in binary form must reproduce the above copyright notice,
  20:Src/stm32f1xx_hal_msp.c ****   *      this list of conditions and the following disclaimer in the documentation
  21:Src/stm32f1xx_hal_msp.c ****   *      and/or other materials provided with the distribution.
  22:Src/stm32f1xx_hal_msp.c ****   *   3. Neither the name of STMicroelectronics nor the names of its contributors
  23:Src/stm32f1xx_hal_msp.c ****   *      may be used to endorse or promote products derived from this software
  24:Src/stm32f1xx_hal_msp.c ****   *      without specific prior written permission.
  25:Src/stm32f1xx_hal_msp.c ****   *
  26:Src/stm32f1xx_hal_msp.c ****   * THIS SOFTWARE IS PROVIDED BY THE COPYRIGHT HOLDERS AND CONTRIBUTORS "AS IS"
  27:Src/stm32f1xx_hal_msp.c ****   * AND ANY EXPRESS OR IMPLIED WARRANTIES, INCLUDING, BUT NOT LIMITED TO, THE
  28:Src/stm32f1xx_hal_msp.c ****   * IMPLIED WARRANTIES OF MERCHANTABILITY AND FITNESS FOR A PARTICULAR PURPOSE ARE
  29:Src/stm32f1xx_hal_msp.c ****   * DISCLAIMED. IN NO EVENT SHALL THE COPYRIGHT HOLDER OR CONTRIBUTORS BE LIABLE
  30:Src/stm32f1xx_hal_msp.c ****   * FOR ANY DIRECT, INDIRECT, INCIDENTAL, SPECIAL, EXEMPLARY, OR CONSEQUENTIAL
  31:Src/stm32f1xx_hal_msp.c ****   * DAMAGES (INCLUDING, BUT NOT LIMITED TO, PROCUREMENT OF SUBSTITUTE GOODS OR
  32:Src/stm32f1xx_hal_msp.c ****   * SERVICES; LOSS OF USE, DATA, OR PROFITS; OR BUSINESS INTERRUPTION) HOWEVER
  33:Src/stm32f1xx_hal_msp.c ****   * CAUSED AND ON ANY THEORY OF LIABILITY, WHETHER IN CONTRACT, STRICT LIABILITY,
ARM GAS  C:\Users\ADMINI~1\AppData\Local\Temp\ccpbvFQP.s 			page 2


  34:Src/stm32f1xx_hal_msp.c ****   * OR TORT (INCLUDING NEGLIGENCE OR OTHERWISE) ARISING IN ANY WAY OUT OF THE USE
  35:Src/stm32f1xx_hal_msp.c ****   * OF THIS SOFTWARE, EVEN IF ADVISED OF THE POSSIBILITY OF SUCH DAMAGE.
  36:Src/stm32f1xx_hal_msp.c ****   *
  37:Src/stm32f1xx_hal_msp.c ****   ******************************************************************************
  38:Src/stm32f1xx_hal_msp.c ****   */
  39:Src/stm32f1xx_hal_msp.c **** /* Includes ------------------------------------------------------------------*/
  40:Src/stm32f1xx_hal_msp.c **** #include "stm32f1xx_hal.h"
  41:Src/stm32f1xx_hal_msp.c **** 
  42:Src/stm32f1xx_hal_msp.c **** extern void _Error_Handler(char *, int);
  43:Src/stm32f1xx_hal_msp.c **** /* USER CODE BEGIN 0 */
  44:Src/stm32f1xx_hal_msp.c **** 
  45:Src/stm32f1xx_hal_msp.c **** /* USER CODE END 0 */
  46:Src/stm32f1xx_hal_msp.c **** /**
  47:Src/stm32f1xx_hal_msp.c ****   * Initializes the Global MSP.
  48:Src/stm32f1xx_hal_msp.c ****   */
  49:Src/stm32f1xx_hal_msp.c **** void HAL_MspInit(void)
  50:Src/stm32f1xx_hal_msp.c **** {
  26              		.loc 1 50 0
  27              		.cfi_startproc
  28              		@ args = 0, pretend = 0, frame = 8
  29              		@ frame_needed = 0, uses_anonymous_args = 0
  30 0000 00B5     		push	{lr}
  31              	.LCFI0:
  32              		.cfi_def_cfa_offset 4
  33              		.cfi_offset 14, -4
  34 0002 83B0     		sub	sp, sp, #12
  35              	.LCFI1:
  36              		.cfi_def_cfa_offset 16
  37              	.LBB2:
  51:Src/stm32f1xx_hal_msp.c ****   /* USER CODE BEGIN MspInit 0 */
  52:Src/stm32f1xx_hal_msp.c **** 
  53:Src/stm32f1xx_hal_msp.c ****   /* USER CODE END MspInit 0 */
  54:Src/stm32f1xx_hal_msp.c **** 
  55:Src/stm32f1xx_hal_msp.c ****   __HAL_RCC_AFIO_CLK_ENABLE();
  38              		.loc 1 55 0
  39 0004 214B     		ldr	r3, .L3
  40 0006 9A69     		ldr	r2, [r3, #24]
  41 0008 42F00102 		orr	r2, r2, #1
  42 000c 9A61     		str	r2, [r3, #24]
  43 000e 9B69     		ldr	r3, [r3, #24]
  44 0010 03F00103 		and	r3, r3, #1
  45 0014 0193     		str	r3, [sp, #4]
  46 0016 019B     		ldr	r3, [sp, #4]
  47              	.LBE2:
  56:Src/stm32f1xx_hal_msp.c **** 
  57:Src/stm32f1xx_hal_msp.c ****   HAL_NVIC_SetPriorityGrouping(NVIC_PRIORITYGROUP_4);
  48              		.loc 1 57 0
  49 0018 0320     		movs	r0, #3
  50 001a FFF7FEFF 		bl	HAL_NVIC_SetPriorityGrouping
  51              	.LVL0:
  58:Src/stm32f1xx_hal_msp.c **** 
  59:Src/stm32f1xx_hal_msp.c ****   /* System interrupt init*/
  60:Src/stm32f1xx_hal_msp.c ****   /* MemoryManagement_IRQn interrupt configuration */
  61:Src/stm32f1xx_hal_msp.c ****   HAL_NVIC_SetPriority(MemoryManagement_IRQn, 0, 0);
  52              		.loc 1 61 0
  53 001e 0022     		movs	r2, #0
  54 0020 1146     		mov	r1, r2
ARM GAS  C:\Users\ADMINI~1\AppData\Local\Temp\ccpbvFQP.s 			page 3


  55 0022 6FF00B00 		mvn	r0, #11
  56 0026 FFF7FEFF 		bl	HAL_NVIC_SetPriority
  57              	.LVL1:
  62:Src/stm32f1xx_hal_msp.c ****   /* BusFault_IRQn interrupt configuration */
  63:Src/stm32f1xx_hal_msp.c ****   HAL_NVIC_SetPriority(BusFault_IRQn, 0, 0);
  58              		.loc 1 63 0
  59 002a 0022     		movs	r2, #0
  60 002c 1146     		mov	r1, r2
  61 002e 6FF00A00 		mvn	r0, #10
  62 0032 FFF7FEFF 		bl	HAL_NVIC_SetPriority
  63              	.LVL2:
  64:Src/stm32f1xx_hal_msp.c ****   /* UsageFault_IRQn interrupt configuration */
  65:Src/stm32f1xx_hal_msp.c ****   HAL_NVIC_SetPriority(UsageFault_IRQn, 0, 0);
  64              		.loc 1 65 0
  65 0036 0022     		movs	r2, #0
  66 0038 1146     		mov	r1, r2
  67 003a 6FF00900 		mvn	r0, #9
  68 003e FFF7FEFF 		bl	HAL_NVIC_SetPriority
  69              	.LVL3:
  66:Src/stm32f1xx_hal_msp.c ****   /* SVCall_IRQn interrupt configuration */
  67:Src/stm32f1xx_hal_msp.c ****   HAL_NVIC_SetPriority(SVCall_IRQn, 0, 0);
  70              		.loc 1 67 0
  71 0042 0022     		movs	r2, #0
  72 0044 1146     		mov	r1, r2
  73 0046 6FF00400 		mvn	r0, #4
  74 004a FFF7FEFF 		bl	HAL_NVIC_SetPriority
  75              	.LVL4:
  68:Src/stm32f1xx_hal_msp.c ****   /* DebugMonitor_IRQn interrupt configuration */
  69:Src/stm32f1xx_hal_msp.c ****   HAL_NVIC_SetPriority(DebugMonitor_IRQn, 0, 0);
  76              		.loc 1 69 0
  77 004e 0022     		movs	r2, #0
  78 0050 1146     		mov	r1, r2
  79 0052 6FF00300 		mvn	r0, #3
  80 0056 FFF7FEFF 		bl	HAL_NVIC_SetPriority
  81              	.LVL5:
  70:Src/stm32f1xx_hal_msp.c ****   /* PendSV_IRQn interrupt configuration */
  71:Src/stm32f1xx_hal_msp.c ****   HAL_NVIC_SetPriority(PendSV_IRQn, 0, 0);
  82              		.loc 1 71 0
  83 005a 0022     		movs	r2, #0
  84 005c 1146     		mov	r1, r2
  85 005e 6FF00100 		mvn	r0, #1
  86 0062 FFF7FEFF 		bl	HAL_NVIC_SetPriority
  87              	.LVL6:
  72:Src/stm32f1xx_hal_msp.c ****   /* SysTick_IRQn interrupt configuration */
  73:Src/stm32f1xx_hal_msp.c ****   HAL_NVIC_SetPriority(SysTick_IRQn, 0, 0);
  88              		.loc 1 73 0
  89 0066 0022     		movs	r2, #0
  90 0068 1146     		mov	r1, r2
  91 006a 4FF0FF30 		mov	r0, #-1
  92 006e FFF7FEFF 		bl	HAL_NVIC_SetPriority
  93              	.LVL7:
  74:Src/stm32f1xx_hal_msp.c **** 
  75:Src/stm32f1xx_hal_msp.c ****     /**NOJTAG: JTAG-DP Disabled and SW-DP Enabled 
  76:Src/stm32f1xx_hal_msp.c ****     */
  77:Src/stm32f1xx_hal_msp.c ****   __HAL_AFIO_REMAP_SWJ_NOJTAG();
  94              		.loc 1 77 0
  95 0072 074B     		ldr	r3, .L3+4
ARM GAS  C:\Users\ADMINI~1\AppData\Local\Temp\ccpbvFQP.s 			page 4


  96 0074 5A68     		ldr	r2, [r3, #4]
  97 0076 22F0E062 		bic	r2, r2, #117440512
  98 007a 5A60     		str	r2, [r3, #4]
  99 007c 5A68     		ldr	r2, [r3, #4]
 100 007e 42F00072 		orr	r2, r2, #33554432
 101 0082 5A60     		str	r2, [r3, #4]
  78:Src/stm32f1xx_hal_msp.c **** 
  79:Src/stm32f1xx_hal_msp.c ****   /* USER CODE BEGIN MspInit 1 */
  80:Src/stm32f1xx_hal_msp.c **** 
  81:Src/stm32f1xx_hal_msp.c ****   /* USER CODE END MspInit 1 */
  82:Src/stm32f1xx_hal_msp.c **** }
 102              		.loc 1 82 0
 103 0084 03B0     		add	sp, sp, #12
 104              	.LCFI2:
 105              		.cfi_def_cfa_offset 4
 106              		@ sp needed
 107 0086 5DF804FB 		ldr	pc, [sp], #4
 108              	.L4:
 109 008a 00BF     		.align	2
 110              	.L3:
 111 008c 00100240 		.word	1073876992
 112 0090 00000140 		.word	1073807360
 113              		.cfi_endproc
 114              	.LFE66:
 116              		.section	.text.HAL_SPI_MspInit,"ax",%progbits
 117              		.align	1
 118              		.global	HAL_SPI_MspInit
 119              		.syntax unified
 120              		.thumb
 121              		.thumb_func
 122              		.fpu softvfp
 124              	HAL_SPI_MspInit:
 125              	.LFB67:
  83:Src/stm32f1xx_hal_msp.c **** 
  84:Src/stm32f1xx_hal_msp.c **** void HAL_SPI_MspInit(SPI_HandleTypeDef* hspi)
  85:Src/stm32f1xx_hal_msp.c **** {
 126              		.loc 1 85 0
 127              		.cfi_startproc
 128              		@ args = 0, pretend = 0, frame = 24
 129              		@ frame_needed = 0, uses_anonymous_args = 0
 130              	.LVL8:
 131 0000 10B5     		push	{r4, lr}
 132              	.LCFI3:
 133              		.cfi_def_cfa_offset 8
 134              		.cfi_offset 4, -8
 135              		.cfi_offset 14, -4
 136 0002 86B0     		sub	sp, sp, #24
 137              	.LCFI4:
 138              		.cfi_def_cfa_offset 32
  86:Src/stm32f1xx_hal_msp.c **** 
  87:Src/stm32f1xx_hal_msp.c ****   GPIO_InitTypeDef GPIO_InitStruct;
  88:Src/stm32f1xx_hal_msp.c ****   if(hspi->Instance==SPI1)
 139              		.loc 1 88 0
 140 0004 0368     		ldr	r3, [r0]
 141 0006 1E4A     		ldr	r2, .L11
 142 0008 9342     		cmp	r3, r2
 143 000a 04D0     		beq	.L9
ARM GAS  C:\Users\ADMINI~1\AppData\Local\Temp\ccpbvFQP.s 			page 5


  89:Src/stm32f1xx_hal_msp.c ****   {
  90:Src/stm32f1xx_hal_msp.c ****   /* USER CODE BEGIN SPI1_MspInit 0 */
  91:Src/stm32f1xx_hal_msp.c **** 
  92:Src/stm32f1xx_hal_msp.c ****   /* USER CODE END SPI1_MspInit 0 */
  93:Src/stm32f1xx_hal_msp.c ****     /* Peripheral clock enable */
  94:Src/stm32f1xx_hal_msp.c ****     __HAL_RCC_SPI1_CLK_ENABLE();
  95:Src/stm32f1xx_hal_msp.c ****   
  96:Src/stm32f1xx_hal_msp.c ****     /**SPI1 GPIO Configuration    
  97:Src/stm32f1xx_hal_msp.c ****     PA5     ------> SPI1_SCK
  98:Src/stm32f1xx_hal_msp.c ****     PA6     ------> SPI1_MISO
  99:Src/stm32f1xx_hal_msp.c ****     PA7     ------> SPI1_MOSI 
 100:Src/stm32f1xx_hal_msp.c ****     */
 101:Src/stm32f1xx_hal_msp.c ****     GPIO_InitStruct.Pin = GPIO_PIN_5|GPIO_PIN_7;
 102:Src/stm32f1xx_hal_msp.c ****     GPIO_InitStruct.Mode = GPIO_MODE_AF_PP;
 103:Src/stm32f1xx_hal_msp.c ****     GPIO_InitStruct.Speed = GPIO_SPEED_FREQ_HIGH;
 104:Src/stm32f1xx_hal_msp.c ****     HAL_GPIO_Init(GPIOA, &GPIO_InitStruct);
 105:Src/stm32f1xx_hal_msp.c **** 
 106:Src/stm32f1xx_hal_msp.c ****     GPIO_InitStruct.Pin = GPIO_PIN_6;
 107:Src/stm32f1xx_hal_msp.c ****     GPIO_InitStruct.Mode = GPIO_MODE_INPUT;
 108:Src/stm32f1xx_hal_msp.c ****     GPIO_InitStruct.Pull = GPIO_NOPULL;
 109:Src/stm32f1xx_hal_msp.c ****     HAL_GPIO_Init(GPIOA, &GPIO_InitStruct);
 110:Src/stm32f1xx_hal_msp.c **** 
 111:Src/stm32f1xx_hal_msp.c ****   /* USER CODE BEGIN SPI1_MspInit 1 */
 112:Src/stm32f1xx_hal_msp.c **** 
 113:Src/stm32f1xx_hal_msp.c ****   /* USER CODE END SPI1_MspInit 1 */
 114:Src/stm32f1xx_hal_msp.c ****   }
 115:Src/stm32f1xx_hal_msp.c ****   else if(hspi->Instance==SPI2)
 144              		.loc 1 115 0
 145 000c 1D4A     		ldr	r2, .L11+4
 146 000e 9342     		cmp	r3, r2
 147 0010 20D0     		beq	.L10
 148              	.LVL9:
 149              	.L5:
 116:Src/stm32f1xx_hal_msp.c ****   {
 117:Src/stm32f1xx_hal_msp.c ****   /* USER CODE BEGIN SPI2_MspInit 0 */
 118:Src/stm32f1xx_hal_msp.c **** 
 119:Src/stm32f1xx_hal_msp.c ****   /* USER CODE END SPI2_MspInit 0 */
 120:Src/stm32f1xx_hal_msp.c ****     /* Peripheral clock enable */
 121:Src/stm32f1xx_hal_msp.c ****     __HAL_RCC_SPI2_CLK_ENABLE();
 122:Src/stm32f1xx_hal_msp.c ****   
 123:Src/stm32f1xx_hal_msp.c ****     /**SPI2 GPIO Configuration    
 124:Src/stm32f1xx_hal_msp.c ****     PB13     ------> SPI2_SCK
 125:Src/stm32f1xx_hal_msp.c ****     PB15     ------> SPI2_MOSI 
 126:Src/stm32f1xx_hal_msp.c ****     */
 127:Src/stm32f1xx_hal_msp.c ****     GPIO_InitStruct.Pin = OLED_CLK_Pin|OLED_DIN_Pin;
 128:Src/stm32f1xx_hal_msp.c ****     GPIO_InitStruct.Mode = GPIO_MODE_AF_PP;
 129:Src/stm32f1xx_hal_msp.c ****     GPIO_InitStruct.Speed = GPIO_SPEED_FREQ_HIGH;
 130:Src/stm32f1xx_hal_msp.c ****     HAL_GPIO_Init(GPIOB, &GPIO_InitStruct);
 131:Src/stm32f1xx_hal_msp.c **** 
 132:Src/stm32f1xx_hal_msp.c ****   /* USER CODE BEGIN SPI2_MspInit 1 */
 133:Src/stm32f1xx_hal_msp.c **** 
 134:Src/stm32f1xx_hal_msp.c ****   /* USER CODE END SPI2_MspInit 1 */
 135:Src/stm32f1xx_hal_msp.c ****   }
 136:Src/stm32f1xx_hal_msp.c **** 
 137:Src/stm32f1xx_hal_msp.c **** }
 150              		.loc 1 137 0
 151 0012 06B0     		add	sp, sp, #24
ARM GAS  C:\Users\ADMINI~1\AppData\Local\Temp\ccpbvFQP.s 			page 6


 152              	.LCFI5:
 153              		.cfi_remember_state
 154              		.cfi_def_cfa_offset 8
 155              		@ sp needed
 156 0014 10BD     		pop	{r4, pc}
 157              	.LVL10:
 158              	.L9:
 159              	.LCFI6:
 160              		.cfi_restore_state
 161              	.LBB3:
  94:Src/stm32f1xx_hal_msp.c ****   
 162              		.loc 1 94 0
 163 0016 1C4B     		ldr	r3, .L11+8
 164 0018 9A69     		ldr	r2, [r3, #24]
 165 001a 42F48052 		orr	r2, r2, #4096
 166 001e 9A61     		str	r2, [r3, #24]
 167 0020 9B69     		ldr	r3, [r3, #24]
 168 0022 03F48053 		and	r3, r3, #4096
 169 0026 0093     		str	r3, [sp]
 170 0028 009B     		ldr	r3, [sp]
 171              	.LBE3:
 101:Src/stm32f1xx_hal_msp.c ****     GPIO_InitStruct.Mode = GPIO_MODE_AF_PP;
 172              		.loc 1 101 0
 173 002a A023     		movs	r3, #160
 174 002c 0293     		str	r3, [sp, #8]
 102:Src/stm32f1xx_hal_msp.c ****     GPIO_InitStruct.Speed = GPIO_SPEED_FREQ_HIGH;
 175              		.loc 1 102 0
 176 002e 0223     		movs	r3, #2
 177 0030 0393     		str	r3, [sp, #12]
 103:Src/stm32f1xx_hal_msp.c ****     HAL_GPIO_Init(GPIOA, &GPIO_InitStruct);
 178              		.loc 1 103 0
 179 0032 0323     		movs	r3, #3
 180 0034 0593     		str	r3, [sp, #20]
 104:Src/stm32f1xx_hal_msp.c **** 
 181              		.loc 1 104 0
 182 0036 154C     		ldr	r4, .L11+12
 183 0038 02A9     		add	r1, sp, #8
 184 003a 2046     		mov	r0, r4
 185              	.LVL11:
 186 003c FFF7FEFF 		bl	HAL_GPIO_Init
 187              	.LVL12:
 106:Src/stm32f1xx_hal_msp.c ****     GPIO_InitStruct.Mode = GPIO_MODE_INPUT;
 188              		.loc 1 106 0
 189 0040 4023     		movs	r3, #64
 190 0042 0293     		str	r3, [sp, #8]
 107:Src/stm32f1xx_hal_msp.c ****     GPIO_InitStruct.Pull = GPIO_NOPULL;
 191              		.loc 1 107 0
 192 0044 0023     		movs	r3, #0
 193 0046 0393     		str	r3, [sp, #12]
 108:Src/stm32f1xx_hal_msp.c ****     HAL_GPIO_Init(GPIOA, &GPIO_InitStruct);
 194              		.loc 1 108 0
 195 0048 0493     		str	r3, [sp, #16]
 109:Src/stm32f1xx_hal_msp.c **** 
 196              		.loc 1 109 0
 197 004a 02A9     		add	r1, sp, #8
 198 004c 2046     		mov	r0, r4
 199 004e FFF7FEFF 		bl	HAL_GPIO_Init
ARM GAS  C:\Users\ADMINI~1\AppData\Local\Temp\ccpbvFQP.s 			page 7


 200              	.LVL13:
 201 0052 DEE7     		b	.L5
 202              	.LVL14:
 203              	.L10:
 204              	.LBB4:
 121:Src/stm32f1xx_hal_msp.c ****   
 205              		.loc 1 121 0
 206 0054 0C4B     		ldr	r3, .L11+8
 207 0056 DA69     		ldr	r2, [r3, #28]
 208 0058 42F48042 		orr	r2, r2, #16384
 209 005c DA61     		str	r2, [r3, #28]
 210 005e DB69     		ldr	r3, [r3, #28]
 211 0060 03F48043 		and	r3, r3, #16384
 212 0064 0193     		str	r3, [sp, #4]
 213 0066 019B     		ldr	r3, [sp, #4]
 214              	.LBE4:
 127:Src/stm32f1xx_hal_msp.c ****     GPIO_InitStruct.Mode = GPIO_MODE_AF_PP;
 215              		.loc 1 127 0
 216 0068 4FF42043 		mov	r3, #40960
 217 006c 0293     		str	r3, [sp, #8]
 128:Src/stm32f1xx_hal_msp.c ****     GPIO_InitStruct.Speed = GPIO_SPEED_FREQ_HIGH;
 218              		.loc 1 128 0
 219 006e 0223     		movs	r3, #2
 220 0070 0393     		str	r3, [sp, #12]
 129:Src/stm32f1xx_hal_msp.c ****     HAL_GPIO_Init(GPIOB, &GPIO_InitStruct);
 221              		.loc 1 129 0
 222 0072 0323     		movs	r3, #3
 223 0074 0593     		str	r3, [sp, #20]
 130:Src/stm32f1xx_hal_msp.c **** 
 224              		.loc 1 130 0
 225 0076 02A9     		add	r1, sp, #8
 226 0078 0548     		ldr	r0, .L11+16
 227              	.LVL15:
 228 007a FFF7FEFF 		bl	HAL_GPIO_Init
 229              	.LVL16:
 230              		.loc 1 137 0
 231 007e C8E7     		b	.L5
 232              	.L12:
 233              		.align	2
 234              	.L11:
 235 0080 00300140 		.word	1073819648
 236 0084 00380040 		.word	1073756160
 237 0088 00100240 		.word	1073876992
 238 008c 00080140 		.word	1073809408
 239 0090 000C0140 		.word	1073810432
 240              		.cfi_endproc
 241              	.LFE67:
 243              		.section	.text.HAL_SPI_MspDeInit,"ax",%progbits
 244              		.align	1
 245              		.global	HAL_SPI_MspDeInit
 246              		.syntax unified
 247              		.thumb
 248              		.thumb_func
 249              		.fpu softvfp
 251              	HAL_SPI_MspDeInit:
 252              	.LFB68:
 138:Src/stm32f1xx_hal_msp.c **** 
ARM GAS  C:\Users\ADMINI~1\AppData\Local\Temp\ccpbvFQP.s 			page 8


 139:Src/stm32f1xx_hal_msp.c **** void HAL_SPI_MspDeInit(SPI_HandleTypeDef* hspi)
 140:Src/stm32f1xx_hal_msp.c **** {
 253              		.loc 1 140 0
 254              		.cfi_startproc
 255              		@ args = 0, pretend = 0, frame = 0
 256              		@ frame_needed = 0, uses_anonymous_args = 0
 257              	.LVL17:
 258 0000 08B5     		push	{r3, lr}
 259              	.LCFI7:
 260              		.cfi_def_cfa_offset 8
 261              		.cfi_offset 3, -8
 262              		.cfi_offset 14, -4
 141:Src/stm32f1xx_hal_msp.c **** 
 142:Src/stm32f1xx_hal_msp.c ****   if(hspi->Instance==SPI1)
 263              		.loc 1 142 0
 264 0002 0368     		ldr	r3, [r0]
 265 0004 0E4A     		ldr	r2, .L19
 266 0006 9342     		cmp	r3, r2
 267 0008 03D0     		beq	.L17
 143:Src/stm32f1xx_hal_msp.c ****   {
 144:Src/stm32f1xx_hal_msp.c ****   /* USER CODE BEGIN SPI1_MspDeInit 0 */
 145:Src/stm32f1xx_hal_msp.c **** 
 146:Src/stm32f1xx_hal_msp.c ****   /* USER CODE END SPI1_MspDeInit 0 */
 147:Src/stm32f1xx_hal_msp.c ****     /* Peripheral clock disable */
 148:Src/stm32f1xx_hal_msp.c ****     __HAL_RCC_SPI1_CLK_DISABLE();
 149:Src/stm32f1xx_hal_msp.c ****   
 150:Src/stm32f1xx_hal_msp.c ****     /**SPI1 GPIO Configuration    
 151:Src/stm32f1xx_hal_msp.c ****     PA5     ------> SPI1_SCK
 152:Src/stm32f1xx_hal_msp.c ****     PA6     ------> SPI1_MISO
 153:Src/stm32f1xx_hal_msp.c ****     PA7     ------> SPI1_MOSI 
 154:Src/stm32f1xx_hal_msp.c ****     */
 155:Src/stm32f1xx_hal_msp.c ****     HAL_GPIO_DeInit(GPIOA, GPIO_PIN_5|GPIO_PIN_6|GPIO_PIN_7);
 156:Src/stm32f1xx_hal_msp.c **** 
 157:Src/stm32f1xx_hal_msp.c ****   /* USER CODE BEGIN SPI1_MspDeInit 1 */
 158:Src/stm32f1xx_hal_msp.c **** 
 159:Src/stm32f1xx_hal_msp.c ****   /* USER CODE END SPI1_MspDeInit 1 */
 160:Src/stm32f1xx_hal_msp.c ****   }
 161:Src/stm32f1xx_hal_msp.c ****   else if(hspi->Instance==SPI2)
 268              		.loc 1 161 0
 269 000a 0E4A     		ldr	r2, .L19+4
 270 000c 9342     		cmp	r3, r2
 271 000e 0BD0     		beq	.L18
 272              	.LVL18:
 273              	.L13:
 162:Src/stm32f1xx_hal_msp.c ****   {
 163:Src/stm32f1xx_hal_msp.c ****   /* USER CODE BEGIN SPI2_MspDeInit 0 */
 164:Src/stm32f1xx_hal_msp.c **** 
 165:Src/stm32f1xx_hal_msp.c ****   /* USER CODE END SPI2_MspDeInit 0 */
 166:Src/stm32f1xx_hal_msp.c ****     /* Peripheral clock disable */
 167:Src/stm32f1xx_hal_msp.c ****     __HAL_RCC_SPI2_CLK_DISABLE();
 168:Src/stm32f1xx_hal_msp.c ****   
 169:Src/stm32f1xx_hal_msp.c ****     /**SPI2 GPIO Configuration    
 170:Src/stm32f1xx_hal_msp.c ****     PB13     ------> SPI2_SCK
 171:Src/stm32f1xx_hal_msp.c ****     PB15     ------> SPI2_MOSI 
 172:Src/stm32f1xx_hal_msp.c ****     */
 173:Src/stm32f1xx_hal_msp.c ****     HAL_GPIO_DeInit(GPIOB, OLED_CLK_Pin|OLED_DIN_Pin);
 174:Src/stm32f1xx_hal_msp.c **** 
ARM GAS  C:\Users\ADMINI~1\AppData\Local\Temp\ccpbvFQP.s 			page 9


 175:Src/stm32f1xx_hal_msp.c ****   /* USER CODE BEGIN SPI2_MspDeInit 1 */
 176:Src/stm32f1xx_hal_msp.c **** 
 177:Src/stm32f1xx_hal_msp.c ****   /* USER CODE END SPI2_MspDeInit 1 */
 178:Src/stm32f1xx_hal_msp.c ****   }
 179:Src/stm32f1xx_hal_msp.c **** 
 180:Src/stm32f1xx_hal_msp.c **** }
 274              		.loc 1 180 0
 275 0010 08BD     		pop	{r3, pc}
 276              	.LVL19:
 277              	.L17:
 148:Src/stm32f1xx_hal_msp.c ****   
 278              		.loc 1 148 0
 279 0012 02F56042 		add	r2, r2, #57344
 280 0016 9369     		ldr	r3, [r2, #24]
 281 0018 23F48053 		bic	r3, r3, #4096
 282 001c 9361     		str	r3, [r2, #24]
 155:Src/stm32f1xx_hal_msp.c **** 
 283              		.loc 1 155 0
 284 001e E021     		movs	r1, #224
 285 0020 0948     		ldr	r0, .L19+8
 286              	.LVL20:
 287 0022 FFF7FEFF 		bl	HAL_GPIO_DeInit
 288              	.LVL21:
 289 0026 F3E7     		b	.L13
 290              	.LVL22:
 291              	.L18:
 167:Src/stm32f1xx_hal_msp.c ****   
 292              		.loc 1 167 0
 293 0028 02F5EC32 		add	r2, r2, #120832
 294 002c D369     		ldr	r3, [r2, #28]
 295 002e 23F48043 		bic	r3, r3, #16384
 296 0032 D361     		str	r3, [r2, #28]
 173:Src/stm32f1xx_hal_msp.c **** 
 297              		.loc 1 173 0
 298 0034 4FF42041 		mov	r1, #40960
 299 0038 0448     		ldr	r0, .L19+12
 300              	.LVL23:
 301 003a FFF7FEFF 		bl	HAL_GPIO_DeInit
 302              	.LVL24:
 303              		.loc 1 180 0
 304 003e E7E7     		b	.L13
 305              	.L20:
 306              		.align	2
 307              	.L19:
 308 0040 00300140 		.word	1073819648
 309 0044 00380040 		.word	1073756160
 310 0048 00080140 		.word	1073809408
 311 004c 000C0140 		.word	1073810432
 312              		.cfi_endproc
 313              	.LFE68:
 315              		.text
 316              	.Letext0:
 317              		.file 2 "c:\\program files (x86)\\gnu tools arm embedded\\7 2017-q4-major\\arm-none-eabi\\include\
 318              		.file 3 "c:\\program files (x86)\\gnu tools arm embedded\\7 2017-q4-major\\arm-none-eabi\\include\
 319              		.file 4 "Drivers/CMSIS/Include/core_cm3.h"
 320              		.file 5 "Drivers/CMSIS/Device/ST/STM32F1xx/Include/system_stm32f1xx.h"
 321              		.file 6 "Drivers/CMSIS/Device/ST/STM32F1xx/Include/stm32f103xb.h"
ARM GAS  C:\Users\ADMINI~1\AppData\Local\Temp\ccpbvFQP.s 			page 10


 322              		.file 7 "c:\\program files (x86)\\gnu tools arm embedded\\7 2017-q4-major\\arm-none-eabi\\include\
 323              		.file 8 "c:\\program files (x86)\\gnu tools arm embedded\\7 2017-q4-major\\arm-none-eabi\\include\
 324              		.file 9 "c:\\program files (x86)\\gnu tools arm embedded\\7 2017-q4-major\\lib\\gcc\\arm-none-eabi
 325              		.file 10 "c:\\program files (x86)\\gnu tools arm embedded\\7 2017-q4-major\\arm-none-eabi\\include
 326              		.file 11 "Drivers/STM32F1xx_HAL_Driver/Inc/stm32f1xx_hal_def.h"
 327              		.file 12 "Drivers/STM32F1xx_HAL_Driver/Inc/stm32f1xx_hal_gpio.h"
 328              		.file 13 "Drivers/STM32F1xx_HAL_Driver/Inc/stm32f1xx_hal_dma.h"
 329              		.file 14 "Drivers/STM32F1xx_HAL_Driver/Inc/stm32f1xx_hal_spi.h"
 330              		.file 15 "Drivers/STM32F1xx_HAL_Driver/Inc/stm32f1xx_hal_cortex.h"
ARM GAS  C:\Users\ADMINI~1\AppData\Local\Temp\ccpbvFQP.s 			page 11


DEFINED SYMBOLS
                            *ABS*:00000000 stm32f1xx_hal_msp.c
C:\Users\ADMINI~1\AppData\Local\Temp\ccpbvFQP.s:16     .text.HAL_MspInit:00000000 $t
C:\Users\ADMINI~1\AppData\Local\Temp\ccpbvFQP.s:23     .text.HAL_MspInit:00000000 HAL_MspInit
C:\Users\ADMINI~1\AppData\Local\Temp\ccpbvFQP.s:111    .text.HAL_MspInit:0000008c $d
C:\Users\ADMINI~1\AppData\Local\Temp\ccpbvFQP.s:117    .text.HAL_SPI_MspInit:00000000 $t
C:\Users\ADMINI~1\AppData\Local\Temp\ccpbvFQP.s:124    .text.HAL_SPI_MspInit:00000000 HAL_SPI_MspInit
C:\Users\ADMINI~1\AppData\Local\Temp\ccpbvFQP.s:235    .text.HAL_SPI_MspInit:00000080 $d
C:\Users\ADMINI~1\AppData\Local\Temp\ccpbvFQP.s:244    .text.HAL_SPI_MspDeInit:00000000 $t
C:\Users\ADMINI~1\AppData\Local\Temp\ccpbvFQP.s:251    .text.HAL_SPI_MspDeInit:00000000 HAL_SPI_MspDeInit
C:\Users\ADMINI~1\AppData\Local\Temp\ccpbvFQP.s:308    .text.HAL_SPI_MspDeInit:00000040 $d

UNDEFINED SYMBOLS
HAL_NVIC_SetPriorityGrouping
HAL_NVIC_SetPriority
HAL_GPIO_Init
HAL_GPIO_DeInit
